<?xml version="1.0" encoding="UTF-8"?>
<!-- Generated by org.testng.reporters.JUnitXMLReporter -->
<testsuite hostname="DESKTOP-VOP3N7O" ignored="1" name="Default test" tests="1" failures="0" timestamp="03 Oct 2018 08:51:31 GMT" time="4.827" errors="0">
  <testcase name="addEventTest" time="2.169" classname="com.gmail.delta4815162342.Cursovaia"/>
  <testcase name="wrongLoginTest" time="0.0" classname="com.gmail.delta4815162342.Cursovaia">
    <ignored/>
  </testcase> <!-- wrongLoginTest -->
</testsuite> <!-- Default test -->
