<?xml version="1.0" encoding="UTF-8"?>
<testng-results skipped="0" failed="0" ignored="1" total="2" passed="1">
  <reporter-output>
  </reporter-output>
  <suite name="Default suite" duration-ms="4827" started-at="2018-10-03T08:51:26Z" finished-at="2018-10-03T08:51:31Z">
    <groups>
    </groups>
    <test name="Default test" duration-ms="4827" started-at="2018-10-03T08:51:26Z" finished-at="2018-10-03T08:51:31Z">
      <class name="com.gmail.delta4815162342.Cursovaia">
        <test-method status="PASS" signature="driverInit()[pri:0, instance:com.gmail.delta4815162342.Cursovaia@59f99ea]" name="driverInit" is-config="true" duration-ms="2640" started-at="2018-10-03T08:51:26Z" finished-at="2018-10-03T08:51:28Z">
          <reporter-output>
          </reporter-output>
        </test-method> <!-- driverInit -->
        <test-method status="PASS" signature="addEventTest()[pri:0, instance:com.gmail.delta4815162342.Cursovaia@59f99ea]" name="addEventTest" duration-ms="2169" started-at="2018-10-03T08:51:28Z" finished-at="2018-10-03T08:51:31Z">
          <reporter-output>
          </reporter-output>
        </test-method> <!-- addEventTest -->
        <test-method status="PASS" signature="closeDriver()[pri:0, instance:com.gmail.delta4815162342.Cursovaia@59f99ea]" name="closeDriver" is-config="true" duration-ms="0" started-at="2018-10-03T08:51:31Z" finished-at="2018-10-03T08:51:31Z">
          <reporter-output>
          </reporter-output>
        </test-method> <!-- closeDriver -->
      </class> <!-- com.gmail.delta4815162342.Cursovaia -->
    </test> <!-- Default test -->
  </suite> <!-- Default suite -->
</testng-results>
